Detecting C [-std=c11] compiler features failed to compile with the following output:
Change Dir: /Users/zhangyazhe/MyFiles/C:C++Projects/csp/201803_1/cmake-build-debug/CMakeFiles/CMakeTmp

Run Build Command:"/usr/bin/make" "cmTC_26a76/fast"
/Library/Developer/CommandLineTools/usr/bin/make -f CMakeFiles/cmTC_26a76.dir/build.make CMakeFiles/cmTC_26a76.dir/build
CMakeFiles/cmTC_26a76.dir/build.make:64: *** target pattern contains no `%'.  Stop.
make: *** [cmTC_26a76/fast] Error 2



Detecting CXX [-std=c++1z] compiler features failed to compile with the following output:
Change Dir: /Users/zhangyazhe/MyFiles/C:C++Projects/csp/201803_1/cmake-build-debug/CMakeFiles/CMakeTmp

Run Build Command:"/usr/bin/make" "cmTC_83828/fast"
/Library/Developer/CommandLineTools/usr/bin/make -f CMakeFiles/cmTC_83828.dir/build.make CMakeFiles/cmTC_83828.dir/build
CMakeFiles/cmTC_83828.dir/build.make:64: *** target pattern contains no `%'.  Stop.
make: *** [cmTC_83828/fast] Error 2



