Detecting C [-std=c11] compiler features failed to compile with the following output:
Change Dir: /Users/zhangyazhe/MyFiles/C:C++Projects/csp/201903_2/cmake-build-debug/CMakeFiles/CMakeTmp

Run Build Command:"/usr/bin/make" "cmTC_9d434/fast"
/Library/Developer/CommandLineTools/usr/bin/make -f CMakeFiles/cmTC_9d434.dir/build.make CMakeFiles/cmTC_9d434.dir/build
CMakeFiles/cmTC_9d434.dir/build.make:64: *** target pattern contains no `%'.  Stop.
make: *** [cmTC_9d434/fast] Error 2



Detecting CXX [-std=c++1z] compiler features failed to compile with the following output:
Change Dir: /Users/zhangyazhe/MyFiles/C:C++Projects/csp/201903_2/cmake-build-debug/CMakeFiles/CMakeTmp

Run Build Command:"/usr/bin/make" "cmTC_154ba/fast"
/Library/Developer/CommandLineTools/usr/bin/make -f CMakeFiles/cmTC_154ba.dir/build.make CMakeFiles/cmTC_154ba.dir/build
CMakeFiles/cmTC_154ba.dir/build.make:64: *** target pattern contains no `%'.  Stop.
make: *** [cmTC_154ba/fast] Error 2



