Detecting C [-std=c11] compiler features failed to compile with the following output:
Change Dir: /Users/zhangyazhe/MyFiles/C:C++Projects/csp/201903_3/cmake-build-debug/CMakeFiles/CMakeTmp

Run Build Command:"/usr/bin/make" "cmTC_2b81a/fast"
/Library/Developer/CommandLineTools/usr/bin/make -f CMakeFiles/cmTC_2b81a.dir/build.make CMakeFiles/cmTC_2b81a.dir/build
CMakeFiles/cmTC_2b81a.dir/build.make:64: *** target pattern contains no `%'.  Stop.
make: *** [cmTC_2b81a/fast] Error 2



Detecting CXX [-std=c++1z] compiler features failed to compile with the following output:
Change Dir: /Users/zhangyazhe/MyFiles/C:C++Projects/csp/201903_3/cmake-build-debug/CMakeFiles/CMakeTmp

Run Build Command:"/usr/bin/make" "cmTC_fefb3/fast"
/Library/Developer/CommandLineTools/usr/bin/make -f CMakeFiles/cmTC_fefb3.dir/build.make CMakeFiles/cmTC_fefb3.dir/build
CMakeFiles/cmTC_fefb3.dir/build.make:64: *** target pattern contains no `%'.  Stop.
make: *** [cmTC_fefb3/fast] Error 2



