Detecting C [-std=c11] compiler features failed to compile with the following output:
Change Dir: /Users/zhangyazhe/MyFiles/C:C++Projects/csp/201812_2/cmake-build-debug/CMakeFiles/CMakeTmp

Run Build Command:"/usr/bin/make" "cmTC_e5d04/fast"
/Library/Developer/CommandLineTools/usr/bin/make -f CMakeFiles/cmTC_e5d04.dir/build.make CMakeFiles/cmTC_e5d04.dir/build
CMakeFiles/cmTC_e5d04.dir/build.make:64: *** target pattern contains no `%'.  Stop.
make: *** [cmTC_e5d04/fast] Error 2



Detecting CXX [-std=c++1z] compiler features failed to compile with the following output:
Change Dir: /Users/zhangyazhe/MyFiles/C:C++Projects/csp/201812_2/cmake-build-debug/CMakeFiles/CMakeTmp

Run Build Command:"/usr/bin/make" "cmTC_ef60c/fast"
/Library/Developer/CommandLineTools/usr/bin/make -f CMakeFiles/cmTC_ef60c.dir/build.make CMakeFiles/cmTC_ef60c.dir/build
CMakeFiles/cmTC_ef60c.dir/build.make:64: *** target pattern contains no `%'.  Stop.
make: *** [cmTC_ef60c/fast] Error 2



