Detecting C [-std=c11] compiler features failed to compile with the following output:
Change Dir: /Users/zhangyazhe/MyFiles/C:C++Projects/csp/201609_3/cmake-build-debug/CMakeFiles/CMakeTmp

Run Build Command:"/usr/bin/make" "cmTC_c20b2/fast"
/Library/Developer/CommandLineTools/usr/bin/make -f CMakeFiles/cmTC_c20b2.dir/build.make CMakeFiles/cmTC_c20b2.dir/build
CMakeFiles/cmTC_c20b2.dir/build.make:64: *** target pattern contains no `%'.  Stop.
make: *** [cmTC_c20b2/fast] Error 2



Detecting CXX [-std=c++1z] compiler features failed to compile with the following output:
Change Dir: /Users/zhangyazhe/MyFiles/C:C++Projects/csp/201609_3/cmake-build-debug/CMakeFiles/CMakeTmp

Run Build Command:"/usr/bin/make" "cmTC_705e3/fast"
/Library/Developer/CommandLineTools/usr/bin/make -f CMakeFiles/cmTC_705e3.dir/build.make CMakeFiles/cmTC_705e3.dir/build
CMakeFiles/cmTC_705e3.dir/build.make:64: *** target pattern contains no `%'.  Stop.
make: *** [cmTC_705e3/fast] Error 2



