Detecting C [-std=c11] compiler features failed to compile with the following output:
Change Dir: /Users/zhangyazhe/MyFiles/C:C++Projects/csp/201903_4/cmake-build-debug/CMakeFiles/CMakeTmp

Run Build Command:"/usr/bin/make" "cmTC_4299e/fast"
/Library/Developer/CommandLineTools/usr/bin/make -f CMakeFiles/cmTC_4299e.dir/build.make CMakeFiles/cmTC_4299e.dir/build
CMakeFiles/cmTC_4299e.dir/build.make:64: *** target pattern contains no `%'.  Stop.
make: *** [cmTC_4299e/fast] Error 2



Detecting CXX [-std=c++1z] compiler features failed to compile with the following output:
Change Dir: /Users/zhangyazhe/MyFiles/C:C++Projects/csp/201903_4/cmake-build-debug/CMakeFiles/CMakeTmp

Run Build Command:"/usr/bin/make" "cmTC_6d1bf/fast"
/Library/Developer/CommandLineTools/usr/bin/make -f CMakeFiles/cmTC_6d1bf.dir/build.make CMakeFiles/cmTC_6d1bf.dir/build
CMakeFiles/cmTC_6d1bf.dir/build.make:64: *** target pattern contains no `%'.  Stop.
make: *** [cmTC_6d1bf/fast] Error 2



