Detecting C [-std=c11] compiler features failed to compile with the following output:
Change Dir: /Users/zhangyazhe/MyFiles/C:C++Projects/csp/201609_3_2/cmake-build-debug/CMakeFiles/CMakeTmp

Run Build Command:"/usr/bin/make" "cmTC_c703e/fast"
/Library/Developer/CommandLineTools/usr/bin/make -f CMakeFiles/cmTC_c703e.dir/build.make CMakeFiles/cmTC_c703e.dir/build
CMakeFiles/cmTC_c703e.dir/build.make:64: *** target pattern contains no `%'.  Stop.
make: *** [cmTC_c703e/fast] Error 2



Detecting CXX [-std=c++1z] compiler features failed to compile with the following output:
Change Dir: /Users/zhangyazhe/MyFiles/C:C++Projects/csp/201609_3_2/cmake-build-debug/CMakeFiles/CMakeTmp

Run Build Command:"/usr/bin/make" "cmTC_e1ece/fast"
/Library/Developer/CommandLineTools/usr/bin/make -f CMakeFiles/cmTC_e1ece.dir/build.make CMakeFiles/cmTC_e1ece.dir/build
CMakeFiles/cmTC_e1ece.dir/build.make:64: *** target pattern contains no `%'.  Stop.
make: *** [cmTC_e1ece/fast] Error 2



