Detecting C [-std=c11] compiler features failed to compile with the following output:
Change Dir: /Users/zhangyazhe/MyFiles/C:C++Projects/csp/201709_3/cmake-build-debug/CMakeFiles/CMakeTmp

Run Build Command:"/usr/bin/make" "cmTC_12384/fast"
/Library/Developer/CommandLineTools/usr/bin/make -f CMakeFiles/cmTC_12384.dir/build.make CMakeFiles/cmTC_12384.dir/build
CMakeFiles/cmTC_12384.dir/build.make:64: *** target pattern contains no `%'.  Stop.
make: *** [cmTC_12384/fast] Error 2



Detecting CXX [-std=c++1z] compiler features failed to compile with the following output:
Change Dir: /Users/zhangyazhe/MyFiles/C:C++Projects/csp/201709_3/cmake-build-debug/CMakeFiles/CMakeTmp

Run Build Command:"/usr/bin/make" "cmTC_e4e7d/fast"
/Library/Developer/CommandLineTools/usr/bin/make -f CMakeFiles/cmTC_e4e7d.dir/build.make CMakeFiles/cmTC_e4e7d.dir/build
CMakeFiles/cmTC_e4e7d.dir/build.make:64: *** target pattern contains no `%'.  Stop.
make: *** [cmTC_e4e7d/fast] Error 2



